<?xml version="1.0" encoding="utf-8"?><testsuites name="pytest tests"><testsuite name="pytest" errors="0" failures="0" skipped="0" tests="16" time="1.617" timestamp="2026-05-08T14:04:06.974299+00:00" hostname="agent-env-21a709e6-ea6f-44cd-8dec-4e47a860ec1d"><testcase classname="backend.tests.backend_test.TestRoot" name="test_root_ok" time="0.309" /><testcase classname="backend.tests.backend_test.TestBusiness" name="test_get_business" time="0.056" /><testcase classname="backend.tests.backend_test.TestLessons" name="test_create_lesson_full" time="0.145" /><testcase classname="backend.tests.backend_test.TestLessons" name="test_create_lesson_minimal" time="0.057" /><testcase classname="backend.tests.backend_test.TestLessons" name="test_create_lesson_missing_name" time="0.060" /><testcase classname="backend.tests.backend_test.TestLessons" name="test_create_lesson_missing_phone" time="0.058" /><testcase classname="backend.tests.backend_test.TestLessons" name="test_create_lesson_missing_licence_type" time="0.136" /><testcase classname="backend.tests.backend_test.TestLessons" name="test_create_lesson_invalid_email" time="0.063" /><testcase classname="backend.tests.backend_test.TestLessons" name="test_list_lessons_no_id_leak" time="0.059" /><testcase classname="backend.tests.backend_test.TestContact" name="test_create_contact_valid" time="0.127" /><testcase classname="backend.tests.backend_test.TestContact" name="test_create_contact_minimal" time="0.067" /><testcase classname="backend.tests.backend_test.TestContact" name="test_create_contact_missing_message" time="0.061" /><testcase classname="backend.tests.backend_test.TestContact" name="test_create_contact_missing_name" time="0.064" /><testcase classname="backend.tests.backend_test.TestContact" name="test_list_contact_no_id_leak" time="0.062" /><testcase classname="backend.tests.backend_test.TestStatus" name="test_create_status" time="0.062" /><testcase classname="backend.tests.backend_test.TestStatus" name="test_get_status_no_id_leak" time="0.059" /></testsuite></testsuites>