<?xml version="1.0" encoding="utf-8"?><testsuites name="pytest tests"><testsuite name="pytest" errors="0" failures="0" skipped="0" tests="14" time="1.152" timestamp="2026-05-08T13:33:54.454807+00:00" hostname="agent-env-21a709e6-ea6f-44cd-8dec-4e47a860ec1d"><testcase classname="backend.tests.backend_test.TestRoot" name="test_root_ok" time="0.189" /><testcase classname="backend.tests.backend_test.TestBusiness" name="test_get_business" time="0.053" /><testcase classname="backend.tests.backend_test.TestQuotes" name="test_create_quote_valid" time="0.132" /><testcase classname="backend.tests.backend_test.TestQuotes" name="test_create_quote_minimal_required" time="0.054" /><testcase classname="backend.tests.backend_test.TestQuotes" name="test_create_quote_missing_required" time="0.049" /><testcase classname="backend.tests.backend_test.TestQuotes" name="test_create_quote_missing_name" time="0.050" /><testcase classname="backend.tests.backend_test.TestQuotes" name="test_create_quote_invalid_email" time="0.051" /><testcase classname="backend.tests.backend_test.TestQuotes" name="test_list_quotes_no_id_leak" time="0.051" /><testcase classname="backend.tests.backend_test.TestContact" name="test_create_contact_valid" time="0.120" /><testcase classname="backend.tests.backend_test.TestContact" name="test_create_contact_minimal" time="0.052" /><testcase classname="backend.tests.backend_test.TestContact" name="test_create_contact_missing_message" time="0.051" /><testcase classname="backend.tests.backend_test.TestContact" name="test_list_contact_no_id_leak" time="0.050" /><testcase classname="backend.tests.backend_test.TestStatus" name="test_create_status" time="0.077" /><testcase classname="backend.tests.backend_test.TestStatus" name="test_get_status_no_id_leak" time="0.050" /></testsuite></testsuites>